info it worked if it ends with ok
verbose cli [ 'node', '/usr/local/bin/npm', 'publish' ]
info using npm@1.0.106
info using node@v0.6.5
verbose /usr/local/bin/node node symlink
verbose config file /Users/daff/.npmrc
verbose config file /usr/local/etc/npmrc
verbose config file /usr/local/lib/node_modules/npm/npmrc
verbose publish [ '.' ]
silly testEngine { name: 'rubberduck',
silly testEngine   description: 'Punch JavaScript objects and receive events before and after a function executes',
silly testEngine   version: '0.0.9',
silly testEngine   homepage: 'https://github.com/daffl/rubberduck',
silly testEngine   repository: { type: 'git', url: 'git://github.com/daffl/rubberduck.git' },
silly testEngine   author: 
silly testEngine    { name: 'David Luecke',
silly testEngine      email: 'daff@neyeon.de',
silly testEngine      url: 'http://neyeon.com' },
silly testEngine   main: 'lib/rubberduck',
silly testEngine   directories: { lib: 'lib' },
silly testEngine   scripts: { test: 'nodeunit test' },
silly testEngine   engines: { node: '*' },
silly testEngine   _id: 'rubberduck@0.0.9',
silly testEngine   dependencies: {},
silly testEngine   devDependencies: {},
silly testEngine   _engineSupported: true,
silly testEngine   _npmVersion: '1.0.106',
silly testEngine   _nodeVersion: 'v0.6.5',
silly testEngine   _defaultsLoaded: true }
verbose caching /Users/daff/Development/workspace/rubberduck/package.json
verbose loadDefaults rubberduck@0.0.9
info prepublish rubberduck@0.0.9
verbose cache add [ '.', null ]
silly cache add: name, spec, args [ undefined, '.', [ '.', null ] ]
verbose parsed url { pathname: '.', path: '.', href: '.' }
silly testEngine { name: 'rubberduck',
silly testEngine   description: 'Punch JavaScript objects and receive events before and after a function executes',
silly testEngine   version: '0.0.9',
silly testEngine   homepage: 'https://github.com/daffl/rubberduck',
silly testEngine   repository: { type: 'git', url: 'git://github.com/daffl/rubberduck.git' },
silly testEngine   author: 
silly testEngine    { name: 'David Luecke',
silly testEngine      email: 'daff@neyeon.de',
silly testEngine      url: 'http://neyeon.com' },
silly testEngine   main: 'lib/rubberduck',
silly testEngine   directories: { lib: 'lib' },
silly testEngine   scripts: { test: 'nodeunit test' },
silly testEngine   engines: { node: '*' },
silly testEngine   _id: 'rubberduck@0.0.9',
silly testEngine   dependencies: {},
silly testEngine   devDependencies: {},
silly testEngine   _engineSupported: true,
silly testEngine   _npmVersion: '1.0.106',
silly testEngine   _nodeVersion: 'v0.6.5',
silly testEngine   _defaultsLoaded: true,
silly testEngine   path: '/Users/daff/Development/workspace/rubberduck' }
verbose caching package.json
verbose loadDefaults rubberduck@0.0.9
verbose pack /Users/daff/Development/workspace/rubberduck /var/folders/nb/tys_vxj13zxg9_wyy1y5dwbw0000gn/T/npm-1324958653520/1324958653520-0.9187576291151345/tmp.tgz
silly makeList /Users/daff/Development/workspace/rubberduck
verbose mkdir (expected) error ENOENT, no such file or directory '/var/folders/nb/tys_vxj13zxg9_wyy1y5dwbw0000gn/T/npm-1324958653520'
verbose mkdir (expected) error ENOENT, no such file or directory '/var/folders/nb/tys_vxj13zxg9_wyy1y5dwbw0000gn/T/npm-1324958653520/1324958653520-0.9187576291151345'
verbose mkdir done: /var/folders/nb/tys_vxj13zxg9_wyy1y5dwbw0000gn/T/npm-1324958653520/1324958653520-0.9187576291151345 755
verbose mkdir'ed /var/folders/nb/tys_vxj13zxg9_wyy1y5dwbw0000gn/T/npm-1324958653520/1324958653520-0.9187576291151345
verbose tar about to write tar and gzip it.
silly tar args [ '-czvf', '-', '-T', '-' ]
silly spawning [ 'tar',
silly spawning   [ '-czvf', '-', '-T', '-' ],
silly spawning   '/Users/daff/Development/workspace' ]
verbose mkdir (expected) error ENOENT, no such file or directory '/var/folders/nb/tys_vxj13zxg9_wyy1y5dwbw0000gn/T/npm-1324958653520/1324958653520-0.9187576291151345/contents'
verbose mkdir (expected) error ENOENT, no such file or directory '/var/folders/nb/tys_vxj13zxg9_wyy1y5dwbw0000gn/T/npm-1324958653520/1324958653520-0.9187576291151345/contents/___package.npm'
verbose mkdir done: /var/folders/nb/tys_vxj13zxg9_wyy1y5dwbw0000gn/T/npm-1324958653520/1324958653520-0.9187576291151345/contents/___package.npm 755
verbose unpack_ uid, gid [ undefined, undefined ]
verbose unpackTarget /var/folders/nb/tys_vxj13zxg9_wyy1y5dwbw0000gn/T/npm-1324958653520/1324958653520-0.9187576291151345/contents/package
silly gunzTarPerm modes [ '755', '644' ]
silly spawning [ 'tar',
silly spawning   [ '-zmvxpf',
silly spawning     '/var/folders/nb/tys_vxj13zxg9_wyy1y5dwbw0000gn/T/npm-1324958653520/1324958653520-0.9187576291151345/tmp.tgz' ],
silly spawning   '/var/folders/nb/tys_vxj13zxg9_wyy1y5dwbw0000gn/T/npm-1324958653520/1324958653520-0.9187576291151345/contents/___package.npm' ]
silly tar err x rubberduck/.gitignore
silly tar err x rubberduck/package.json
silly tar err x rubberduck/paige.json
silly tar err x rubberduck/readme.md
silly tar err x rubberduck/.settings/.jsdtscope
silly tar err x rubberduck/.settings/org.eclipse.wst.jsdt.ui.superType.container
silly tar err x rubberduck/.settings/org.eclipse.wst.jsdt.ui.superType.name
silly tar err x rubberduck/examples/array.js
silly tar err x rubberduck/examples/async.js
silly tar err x rubberduck/examples/prototype.js
silly tar err x rubberduck/examples/simple.js
silly tar err x rubberduck/lib/rubberduck.js
silly tar err x rubberduck/test/duck.test.js
silly tar err x rubberduck/test/wrap.async.test.js
silly tar err x rubberduck/test/wrap.fn.test.js
silly tar exit 0
silly asyncMap in gTP /var/folders/nb/tys_vxj13zxg9_wyy1y5dwbw0000gn/T/npm-1324958653520/1324958653520-0.9187576291151345/contents/___package.npm/rubberduck
silly asyncMap in gTP /var/folders/nb/tys_vxj13zxg9_wyy1y5dwbw0000gn/T/npm-1324958653520/1324958653520-0.9187576291151345/contents/___package.npm/rubberduck/.gitignore
silly asyncMap in gTP /var/folders/nb/tys_vxj13zxg9_wyy1y5dwbw0000gn/T/npm-1324958653520/1324958653520-0.9187576291151345/contents/___package.npm/rubberduck/package.json
silly asyncMap in gTP /var/folders/nb/tys_vxj13zxg9_wyy1y5dwbw0000gn/T/npm-1324958653520/1324958653520-0.9187576291151345/contents/___package.npm/rubberduck/paige.json
silly asyncMap in gTP /var/folders/nb/tys_vxj13zxg9_wyy1y5dwbw0000gn/T/npm-1324958653520/1324958653520-0.9187576291151345/contents/___package.npm/rubberduck/readme.md
silly asyncMap in gTP /var/folders/nb/tys_vxj13zxg9_wyy1y5dwbw0000gn/T/npm-1324958653520/1324958653520-0.9187576291151345/contents/___package.npm/rubberduck/.settings
silly asyncMap in gTP /var/folders/nb/tys_vxj13zxg9_wyy1y5dwbw0000gn/T/npm-1324958653520/1324958653520-0.9187576291151345/contents/___package.npm/rubberduck/.settings/.jsdtscope
silly asyncMap in gTP /var/folders/nb/tys_vxj13zxg9_wyy1y5dwbw0000gn/T/npm-1324958653520/1324958653520-0.9187576291151345/contents/___package.npm/rubberduck/.settings/org.eclipse.wst.jsdt.ui.superType.container
silly asyncMap in gTP /var/folders/nb/tys_vxj13zxg9_wyy1y5dwbw0000gn/T/npm-1324958653520/1324958653520-0.9187576291151345/contents/___package.npm/rubberduck/.settings/org.eclipse.wst.jsdt.ui.superType.name
silly asyncMap in gTP /var/folders/nb/tys_vxj13zxg9_wyy1y5dwbw0000gn/T/npm-1324958653520/1324958653520-0.9187576291151345/contents/___package.npm/rubberduck/examples
silly asyncMap in gTP /var/folders/nb/tys_vxj13zxg9_wyy1y5dwbw0000gn/T/npm-1324958653520/1324958653520-0.9187576291151345/contents/___package.npm/rubberduck/examples/array.js
silly asyncMap in gTP /var/folders/nb/tys_vxj13zxg9_wyy1y5dwbw0000gn/T/npm-1324958653520/1324958653520-0.9187576291151345/contents/___package.npm/rubberduck/examples/async.js
silly asyncMap in gTP /var/folders/nb/tys_vxj13zxg9_wyy1y5dwbw0000gn/T/npm-1324958653520/1324958653520-0.9187576291151345/contents/___package.npm/rubberduck/examples/prototype.js
silly asyncMap in gTP /var/folders/nb/tys_vxj13zxg9_wyy1y5dwbw0000gn/T/npm-1324958653520/1324958653520-0.9187576291151345/contents/___package.npm/rubberduck/examples/simple.js
silly asyncMap in gTP /var/folders/nb/tys_vxj13zxg9_wyy1y5dwbw0000gn/T/npm-1324958653520/1324958653520-0.9187576291151345/contents/___package.npm/rubberduck/lib
silly asyncMap in gTP /var/folders/nb/tys_vxj13zxg9_wyy1y5dwbw0000gn/T/npm-1324958653520/1324958653520-0.9187576291151345/contents/___package.npm/rubberduck/lib/rubberduck.js
silly asyncMap in gTP /var/folders/nb/tys_vxj13zxg9_wyy1y5dwbw0000gn/T/npm-1324958653520/1324958653520-0.9187576291151345/contents/___package.npm/rubberduck/test
silly asyncMap in gTP /var/folders/nb/tys_vxj13zxg9_wyy1y5dwbw0000gn/T/npm-1324958653520/1324958653520-0.9187576291151345/contents/___package.npm/rubberduck/test/duck.test.js
silly asyncMap in gTP /var/folders/nb/tys_vxj13zxg9_wyy1y5dwbw0000gn/T/npm-1324958653520/1324958653520-0.9187576291151345/contents/___package.npm/rubberduck/test/wrap.async.test.js
silly asyncMap in gTP /var/folders/nb/tys_vxj13zxg9_wyy1y5dwbw0000gn/T/npm-1324958653520/1324958653520-0.9187576291151345/contents/___package.npm/rubberduck/test/wrap.fn.test.js
verbose gunzed /var/folders/nb/tys_vxj13zxg9_wyy1y5dwbw0000gn/T/npm-1324958653520/1324958653520-0.9187576291151345/contents/___package.npm/rubberduck
verbose rm'ed /var/folders/nb/tys_vxj13zxg9_wyy1y5dwbw0000gn/T/npm-1324958653520/1324958653520-0.9187576291151345/contents/package
verbose renamed [ '/var/folders/nb/tys_vxj13zxg9_wyy1y5dwbw0000gn/T/npm-1324958653520/1324958653520-0.9187576291151345/contents/___package.npm/rubberduck',
verbose renamed   '/var/folders/nb/tys_vxj13zxg9_wyy1y5dwbw0000gn/T/npm-1324958653520/1324958653520-0.9187576291151345/contents/package' ]
silly testEngine { name: 'rubberduck',
silly testEngine   description: 'Punch JavaScript objects and receive events before and after a function executes',
silly testEngine   version: '0.0.9',
silly testEngine   homepage: 'https://github.com/daffl/rubberduck',
silly testEngine   repository: { type: 'git', url: 'git://github.com/daffl/rubberduck.git' },
silly testEngine   author: 
silly testEngine    { name: 'David Luecke',
silly testEngine      email: 'daff@neyeon.de',
silly testEngine      url: 'http://neyeon.com' },
silly testEngine   main: 'lib/rubberduck',
silly testEngine   directories: { lib: 'lib' },
silly testEngine   scripts: { test: 'nodeunit test' },
silly testEngine   engines: { node: '*' },
silly testEngine   _id: 'rubberduck@0.0.9',
silly testEngine   dependencies: {},
silly testEngine   devDependencies: {},
silly testEngine   _engineSupported: true,
silly testEngine   _npmVersion: '1.0.106',
silly testEngine   _nodeVersion: 'v0.6.5',
silly testEngine   _defaultsLoaded: true,
silly testEngine   path: '/var/folders/nb/tys_vxj13zxg9_wyy1y5dwbw0000gn/T/npm-1324958653520/1324958653520-0.9187576291151345/contents/package' }
verbose caching /var/folders/nb/tys_vxj13zxg9_wyy1y5dwbw0000gn/T/npm-1324958653520/1324958653520-0.9187576291151345/contents/package/package.json
verbose loadDefaults rubberduck@0.0.9
verbose tarball contents [ 'package' ]
verbose from cache /var/folders/nb/tys_vxj13zxg9_wyy1y5dwbw0000gn/T/npm-1324958653520/1324958653520-0.9187576291151345/contents/package/package.json
verbose pack /var/folders/nb/tys_vxj13zxg9_wyy1y5dwbw0000gn/T/npm-1324958653520/1324958653520-0.9187576291151345/contents/package /Users/daff/.npm/rubberduck/0.0.9/package.tgz
silly makeList /var/folders/nb/tys_vxj13zxg9_wyy1y5dwbw0000gn/T/npm-1324958653520/1324958653520-0.9187576291151345/contents/package
verbose mkdir (expected) error ENOENT, no such file or directory '/Users/daff/.npm/rubberduck'
verbose mkdir (expected) error ENOENT, no such file or directory '/Users/daff/.npm/rubberduck/0.0.9'
verbose mkdir done: /Users/daff/.npm/rubberduck/0.0.9 755
verbose mkdir'ed /Users/daff/.npm/rubberduck/0.0.9
verbose tar about to write tar and gzip it.
silly tar args [ '-czvf', '-', '-T', '-' ]
silly spawning [ 'tar',
silly spawning   [ '-czvf', '-', '-T', '-' ],
silly spawning   '/var/folders/nb/tys_vxj13zxg9_wyy1y5dwbw0000gn/T/npm-1324958653520/1324958653520-0.9187576291151345/contents' ]
verbose mkdir (expected) error ENOENT, no such file or directory '/Users/daff/.npm/rubberduck/0.0.9/___package.npm'
verbose mkdir done: /Users/daff/.npm/rubberduck/0.0.9/___package.npm 755
verbose unpack_ uid, gid [ undefined, undefined ]
verbose unpackTarget /Users/daff/.npm/rubberduck/0.0.9/package
silly gunzTarPerm modes [ '755', '644' ]
silly spawning [ 'tar',
silly spawning   [ '-zmvxpf', '/Users/daff/.npm/rubberduck/0.0.9/package.tgz' ],
silly spawning   '/Users/daff/.npm/rubberduck/0.0.9/___package.npm' ]
silly tar err x package/.gitignore
silly tar err x package/package.json
silly tar err x package/paige.json
silly tar err x package/readme.md
silly tar err x package/.settings/.jsdtscope
silly tar err x package/.settings/org.eclipse.wst.jsdt.ui.superType.container
silly tar err x package/.settings/org.eclipse.wst.jsdt.ui.superType.name
silly tar err x package/examples/array.js
silly tar err x package/examples/async.js
silly tar err x package/examples/prototype.js
silly tar err x package/examples/simple.js
silly tar err x package/lib/rubberduck.js
silly tar err x package/test/duck.test.js
silly tar err x package/test/wrap.async.test.js
silly tar err x package/test/wrap.fn.test.js
silly tar exit 0
silly asyncMap in gTP /Users/daff/.npm/rubberduck/0.0.9/___package.npm/package
silly asyncMap in gTP /Users/daff/.npm/rubberduck/0.0.9/___package.npm/package/.gitignore
silly asyncMap in gTP /Users/daff/.npm/rubberduck/0.0.9/___package.npm/package/package.json
silly asyncMap in gTP /Users/daff/.npm/rubberduck/0.0.9/___package.npm/package/paige.json
silly asyncMap in gTP /Users/daff/.npm/rubberduck/0.0.9/___package.npm/package/readme.md
silly asyncMap in gTP /Users/daff/.npm/rubberduck/0.0.9/___package.npm/package/.settings
silly asyncMap in gTP /Users/daff/.npm/rubberduck/0.0.9/___package.npm/package/.settings/.jsdtscope
silly asyncMap in gTP /Users/daff/.npm/rubberduck/0.0.9/___package.npm/package/.settings/org.eclipse.wst.jsdt.ui.superType.container
silly asyncMap in gTP /Users/daff/.npm/rubberduck/0.0.9/___package.npm/package/.settings/org.eclipse.wst.jsdt.ui.superType.name
silly asyncMap in gTP /Users/daff/.npm/rubberduck/0.0.9/___package.npm/package/examples
silly asyncMap in gTP /Users/daff/.npm/rubberduck/0.0.9/___package.npm/package/examples/array.js
silly asyncMap in gTP /Users/daff/.npm/rubberduck/0.0.9/___package.npm/package/examples/async.js
silly asyncMap in gTP /Users/daff/.npm/rubberduck/0.0.9/___package.npm/package/examples/prototype.js
silly asyncMap in gTP /Users/daff/.npm/rubberduck/0.0.9/___package.npm/package/examples/simple.js
silly asyncMap in gTP /Users/daff/.npm/rubberduck/0.0.9/___package.npm/package/lib
silly asyncMap in gTP /Users/daff/.npm/rubberduck/0.0.9/___package.npm/package/lib/rubberduck.js
silly asyncMap in gTP /Users/daff/.npm/rubberduck/0.0.9/___package.npm/package/test
silly asyncMap in gTP /Users/daff/.npm/rubberduck/0.0.9/___package.npm/package/test/duck.test.js
silly asyncMap in gTP /Users/daff/.npm/rubberduck/0.0.9/___package.npm/package/test/wrap.async.test.js
silly asyncMap in gTP /Users/daff/.npm/rubberduck/0.0.9/___package.npm/package/test/wrap.fn.test.js
verbose gunzed /Users/daff/.npm/rubberduck/0.0.9/___package.npm/package
verbose rm'ed /Users/daff/.npm/rubberduck/0.0.9/package
verbose renamed [ '/Users/daff/.npm/rubberduck/0.0.9/___package.npm/package',
verbose renamed   '/Users/daff/.npm/rubberduck/0.0.9/package' ]
silly testEngine { name: 'rubberduck',
silly testEngine   description: 'Punch JavaScript objects and receive events before and after a function executes',
silly testEngine   version: '0.0.9',
silly testEngine   homepage: 'https://github.com/daffl/rubberduck',
silly testEngine   repository: { type: 'git', url: 'git://github.com/daffl/rubberduck.git' },
silly testEngine   author: 
silly testEngine    { name: 'David Luecke',
silly testEngine      email: 'daff@neyeon.de',
silly testEngine      url: 'http://neyeon.com' },
silly testEngine   main: 'lib/rubberduck',
silly testEngine   directories: { lib: 'lib' },
silly testEngine   scripts: { test: 'nodeunit test' },
silly testEngine   engines: { node: '*' },
silly testEngine   _id: 'rubberduck@0.0.9',
silly testEngine   dependencies: {},
silly testEngine   devDependencies: {},
silly testEngine   _engineSupported: true,
silly testEngine   _npmVersion: '1.0.106',
silly testEngine   _nodeVersion: 'v0.6.5',
silly testEngine   _defaultsLoaded: true,
silly testEngine   dist: 
silly testEngine    { shasum: 'd32603e21301f93e76576aa4951852357a5bd961',
silly testEngine      tarball: 'http://registry.npmjs.org/rubberduck/-/rubberduck-0.0.9.tgz' } }
verbose caching /Users/daff/.npm/rubberduck/0.0.9/package/package.json
verbose loadDefaults rubberduck@0.0.9
silly updated sha bytes 10240
info shasum d32603e21301f93e76576aa4951852357a5bd961
info shasum /Users/daff/.npm/rubberduck/0.0.9/package.tgz
verbose from cache /Users/daff/.npm/rubberduck/0.0.9/package/package.json
verbose chmod /Users/daff/.npm/rubberduck/0.0.9/package.tgz 644
verbose chown [ '/Users/daff/.npm/rubberduck/0.0.9/package.tgz', 501, 20 ]
silly publish { name: 'rubberduck',
silly publish   description: 'Punch JavaScript objects and receive events before and after a function executes',
silly publish   version: '0.0.9',
silly publish   homepage: 'https://github.com/daffl/rubberduck',
silly publish   repository: { type: 'git', url: 'git://github.com/daffl/rubberduck.git' },
silly publish   author: 
silly publish    { name: 'David Luecke',
silly publish      email: 'daff@neyeon.de',
silly publish      url: 'http://neyeon.com' },
silly publish   main: 'lib/rubberduck',
silly publish   directories: { lib: 'lib' },
silly publish   scripts: { test: 'nodeunit test' },
silly publish   engines: { node: '*' },
silly publish   _id: 'rubberduck@0.0.9',
silly publish   dependencies: {},
silly publish   devDependencies: {},
silly publish   _engineSupported: true,
silly publish   _npmVersion: '1.0.106',
silly publish   _nodeVersion: 'v0.6.5',
silly publish   _defaultsLoaded: true,
silly publish   dist: 
silly publish    { shasum: 'd32603e21301f93e76576aa4951852357a5bd961',
silly publish      tarball: 'http://registry.npmjs.org/rubberduck/-/rubberduck-0.0.9.tgz' } }
verbose PUT rubberduck
verbose raw, before any munging rubberduck
verbose url resolving [ 'https://registry.npmjs.org/', './rubberduck' ]
verbose url resolved https://registry.npmjs.org/rubberduck
ERR! Failed PUT response undefined
ERR! Error: Cannot insert data into the registry without authorization
ERR! See: npm-adduser(1)
ERR!     at regRequest (/usr/local/lib/node_modules/npm/lib/utils/npm-registry-client/request.js:77:15)
ERR!     at PUT (/usr/local/lib/node_modules/npm/lib/utils/npm-registry-client/request.js:217:3)
ERR!     at Object.publish (/usr/local/lib/node_modules/npm/lib/utils/npm-registry-client/publish.js:62:3)
ERR!     at /usr/local/lib/node_modules/npm/lib/publish.js:151:14
ERR!     at cb (/usr/local/lib/node_modules/npm/node_modules/graceful-fs/graceful-fs.js:36:9)
ERR!     at [object Object].<anonymous> (fs.js:115:5)
ERR!     at [object Object].emit (events.js:64:17)
ERR!     at afterRead (fs.js:1111:12)
ERR!     at Object.wrapper [as oncomplete] (fs.js:254:17)
ERR! Report this *entire* log at:
ERR!     <http://github.com/isaacs/npm/issues>
ERR! or email it to:
ERR!     <npm-@googlegroups.com>
ERR! 
ERR! System Darwin 11.2.0
ERR! command "node" "/usr/local/bin/npm" "publish"
ERR! cwd /Users/daff/Development/workspace/rubberduck
ERR! node -v v0.6.5
ERR! npm -v 1.0.106
verbose exit [ 1, true ]
